<?xml version="1.0" encoding="UTF-8"?>
<testng-results ignored="0" total="5" passed="5" failed="0" skipped="0">
  <reporter-output>
  </reporter-output>
  <suite started-at="2026-06-08T09:41:42 IST" name="ParaBank Suite" finished-at="2026-06-08T09:42:17 IST" duration-ms="34314">
    <groups>
    </groups>
    <test started-at="2026-06-08T09:41:42 IST" name="ParaBank Tests" finished-at="2026-06-08T09:42:17 IST" duration-ms="34314">
      <class name="testcases.TransferFundsTest">
        <test-method is-config="true" signature="setup()[pri:0, instance:testcases.TransferFundsTest@6c7a164b]" started-at="2026-06-08T09:42:03 IST" name="setup" finished-at="2026-06-08T09:42:06 IST" duration-ms="2139" status="PASS">
          <reporter-output>
          </reporter-output>
        </test-method> <!-- setup -->
        <test-method signature="verifyTransferFunds()[pri:5, instance:testcases.TransferFundsTest@6c7a164b]" started-at="2026-06-08T09:42:06 IST" name="verifyTransferFunds" finished-at="2026-06-08T09:42:10 IST" duration-ms="4264" status="PASS">
          <reporter-output>
          </reporter-output>
        </test-method> <!-- verifyTransferFunds -->
        <test-method is-config="true" signature="tearDown()[pri:0, instance:testcases.TransferFundsTest@6c7a164b]" started-at="2026-06-08T09:42:10 IST" name="tearDown" finished-at="2026-06-08T09:42:10 IST" duration-ms="184" status="PASS">
          <reporter-output>
          </reporter-output>
        </test-method> <!-- tearDown -->
      </class> <!-- testcases.TransferFundsTest -->
      <class name="testcases.LoginTest">
        <test-method is-config="true" signature="setup()[pri:0, instance:testcases.LoginTest@7d61eb55]" started-at="2026-06-08T09:41:53 IST" name="setup" finished-at="2026-06-08T09:41:56 IST" duration-ms="2729" status="PASS">
          <reporter-output>
          </reporter-output>
        </test-method> <!-- setup -->
        <test-method signature="verifyValidLogin()[pri:2, instance:testcases.LoginTest@7d61eb55]" started-at="2026-06-08T09:41:56 IST" name="verifyValidLogin" finished-at="2026-06-08T09:41:57 IST" duration-ms="1555" status="PASS">
          <reporter-output>
          </reporter-output>
        </test-method> <!-- verifyValidLogin -->
        <test-method is-config="true" signature="tearDown()[pri:0, instance:testcases.LoginTest@7d61eb55]" started-at="2026-06-08T09:41:57 IST" name="tearDown" finished-at="2026-06-08T09:41:57 IST" duration-ms="197" status="PASS">
          <reporter-output>
          </reporter-output>
        </test-method> <!-- tearDown -->
      </class> <!-- testcases.LoginTest -->
      <class name="testcases.OpenAccountTest">
        <test-method is-config="true" signature="setup()[pri:0, instance:testcases.OpenAccountTest@222a59e6]" started-at="2026-06-08T09:41:57 IST" name="setup" finished-at="2026-06-08T09:42:00 IST" duration-ms="2750" status="PASS">
          <reporter-output>
          </reporter-output>
        </test-method> <!-- setup -->
        <test-method signature="verifyOpenAccount()[pri:4, instance:testcases.OpenAccountTest@222a59e6]" started-at="2026-06-08T09:42:00 IST" name="verifyOpenAccount" finished-at="2026-06-08T09:42:03 IST" duration-ms="3271" status="PASS">
          <reporter-output>
          </reporter-output>
        </test-method> <!-- verifyOpenAccount -->
        <test-method is-config="true" signature="tearDown()[pri:0, instance:testcases.OpenAccountTest@222a59e6]" started-at="2026-06-08T09:42:03 IST" name="tearDown" finished-at="2026-06-08T09:42:03 IST" duration-ms="172" status="PASS">
          <reporter-output>
          </reporter-output>
        </test-method> <!-- tearDown -->
      </class> <!-- testcases.OpenAccountTest -->
      <class name="testcases.BillPayTest">
        <test-method is-config="true" signature="setup()[pri:0, instance:testcases.BillPayTest@4c2bb6e0]" started-at="2026-06-08T09:42:10 IST" name="setup" finished-at="2026-06-08T09:42:12 IST" duration-ms="2156" status="PASS">
          <reporter-output>
          </reporter-output>
        </test-method> <!-- setup -->
        <test-method signature="verifyBillPayment()[pri:6, instance:testcases.BillPayTest@4c2bb6e0]" started-at="2026-06-08T09:42:12 IST" name="verifyBillPayment" finished-at="2026-06-08T09:42:16 IST" duration-ms="4114" status="PASS">
          <reporter-output>
          </reporter-output>
        </test-method> <!-- verifyBillPayment -->
        <test-method is-config="true" signature="tearDown()[pri:0, instance:testcases.BillPayTest@4c2bb6e0]" started-at="2026-06-08T09:42:16 IST" name="tearDown" finished-at="2026-06-08T09:42:17 IST" duration-ms="196" status="PASS">
          <reporter-output>
          </reporter-output>
        </test-method> <!-- tearDown -->
      </class> <!-- testcases.BillPayTest -->
      <class name="testcases.RegistrationTest">
        <test-method is-config="true" signature="setup()[pri:0, instance:testcases.RegistrationTest@60db1c0e]" started-at="2026-06-08T09:41:42 IST" name="setup" finished-at="2026-06-08T09:41:46 IST" duration-ms="4167" status="PASS">
          <reporter-output>
          </reporter-output>
        </test-method> <!-- setup -->
        <test-method signature="verifyRegistration()[pri:0, instance:testcases.RegistrationTest@60db1c0e]" started-at="2026-06-08T09:41:46 IST" name="verifyRegistration" finished-at="2026-06-08T09:41:53 IST" duration-ms="6148" status="PASS">
          <reporter-output>
          </reporter-output>
        </test-method> <!-- verifyRegistration -->
        <test-method is-config="true" signature="tearDown()[pri:0, instance:testcases.RegistrationTest@60db1c0e]" started-at="2026-06-08T09:41:53 IST" name="tearDown" finished-at="2026-06-08T09:41:53 IST" duration-ms="197" status="PASS">
          <reporter-output>
          </reporter-output>
        </test-method> <!-- tearDown -->
      </class> <!-- testcases.RegistrationTest -->
    </test> <!-- ParaBank Tests -->
  </suite> <!-- ParaBank Suite -->
</testng-results>
