<?xml version="1.0" encoding="UTF-8"?>
<!-- Generated by org.testng.reporters.JUnitXMLReporter -->
<testsuite ignored="0" hostname="DESKTOP-GJTBUO2" failures="0" tests="5" name="ParaBank Tests" time="34.314" errors="0" timestamp="2026-06-08T09:42:17 IST">
  <testcase classname="testcases.RegistrationTest" name="verifyRegistration" time="6.148"/>
  <testcase classname="testcases.LoginTest" name="verifyValidLogin" time="1.555"/>
  <testcase classname="testcases.OpenAccountTest" name="verifyOpenAccount" time="3.271"/>
  <testcase classname="testcases.TransferFundsTest" name="verifyTransferFunds" time="4.264"/>
  <testcase classname="testcases.BillPayTest" name="verifyBillPayment" time="4.114"/>
</testsuite> <!-- ParaBank Tests -->
