<?xml version="1.0" encoding="UTF-8"?>
<testng-results ignored="0" total="0" passed="0" failed="0" skipped="0">
  <reporter-output>
  </reporter-output>
  <suite started-at="2026-05-26T12:43:36 IST" name="CucumberSuite" finished-at="2026-05-26T12:43:36 IST" duration-ms="10">
    <groups>
    </groups>
    <test started-at="2026-05-26T12:43:36 IST" name="TutorialsNinjaTest" finished-at="2026-05-26T12:43:36 IST" duration-ms="10">
    </test> <!-- TutorialsNinjaTest -->
  </suite> <!-- CucumberSuite -->
</testng-results>
